e:\homework\programozás\nhf2 teszt\futárszolgálat\debug\vc142.pdb
e:\homework\programozás\nhf2 teszt\futárszolgálat\debug\vc142.idb
e:\homework\programozás\nhf2 teszt\futárszolgálat\debug\user.obj
e:\homework\programozás\nhf2 teszt\futárszolgálat\debug\setters.obj
e:\homework\programozás\nhf2 teszt\futárszolgálat\debug\ordersperuser.obj
e:\homework\programozás\nhf2 teszt\futárszolgálat\debug\order.obj
e:\homework\programozás\nhf2 teszt\futárszolgálat\debug\menusetters.obj
e:\homework\programozás\nhf2 teszt\futárszolgálat\debug\menuitem.obj
e:\homework\programozás\nhf2 teszt\futárszolgálat\debug\menu.obj
e:\homework\programozás\nhf2 teszt\futárszolgálat\debug\memtrace.obj
e:\homework\programozás\nhf2 teszt\futárszolgálat\debug\main.obj
e:\homework\programozás\nhf2 teszt\futárszolgálat\debug\hardwarestorage.obj
e:\homework\programozás\nhf2 teszt\futárszolgálat\debug\hardwaresetters.obj
e:\homework\programozás\nhf2 teszt\futárszolgálat\debug\hardware.obj
e:\homework\programozás\nhf2 teszt\futárszolgálat\debug\generalfunctions.obj
e:\homework\programozás\nhf2 teszt\futárszolgálat\debug\filehandler.obj
e:\homework\programozás\nhf2 teszt\futárszolgálat\debug\descendantmenuitems.obj
e:\homework\programozás\nhf2 teszt\futárszolgálat\debug\centralstorage.obj
e:\homework\programozás\nhf2 teszt\futárszolgálat\debug\accountsetters.obj
e:\homework\programozás\nhf2 teszt\futárszolgálat\debug\test.obj
e:\homework\programozás\nhf2 teszt\futárszolgálat\debug\futárszolgálat.exe
e:\homework\programozás\nhf2 teszt\futárszolgálat\debug\futárszolgálat.ilk
e:\homework\programozás\nhf2 teszt\futárszolgálat\debug\futárszolgálat.pdb
e:\homework\programozás\nhf2 teszt\futárszolgálat\debug\futárszolgálat.tlog\cl.command.1.tlog
e:\homework\programozás\nhf2 teszt\futárszolgálat\debug\futárszolgálat.tlog\cl.read.1.tlog
e:\homework\programozás\nhf2 teszt\futárszolgálat\debug\futárszolgálat.tlog\cl.write.1.tlog
e:\homework\programozás\nhf2 teszt\futárszolgálat\debug\futárszolgálat.tlog\link.command.1.tlog
e:\homework\programozás\nhf2 teszt\futárszolgálat\debug\futárszolgálat.tlog\link.read.1.tlog
e:\homework\programozás\nhf2 teszt\futárszolgálat\debug\futárszolgálat.tlog\link.write.1.tlog
