  AccountSetters.cpp
  CentralStorage.cpp
C:\Projects\NHF2HardwareShop\Futárszolgálat\CentralStorage.cpp(104,40): warning C4267: 'argument': conversion from 'size_t' to 'const int', possible loss of data
C:\Projects\NHF2HardwareShop\Futárszolgálat\CentralStorage.cpp(113,62): warning C4267: 'argument': conversion from 'size_t' to 'const int', possible loss of data
C:\Projects\NHF2HardwareShop\Futárszolgálat\CentralStorage.cpp(113,42): warning C4267: 'argument': conversion from 'size_t' to 'const int', possible loss of data
C:\Projects\NHF2HardwareShop\Futárszolgálat\CentralStorage.cpp(335,62): warning C4267: 'argument': conversion from 'size_t' to 'const int', possible loss of data
  DescendantMenuItems.cpp
C:\Projects\NHF2HardwareShop\Futárszolgálat\CentralStorage.h(130,74): warning C4267: 'argument': conversion from 'size_t' to 'const int', possible loss of data
  (compiling source file 'CentralStorage.cpp')
  C:\Projects\NHF2HardwareShop\Futárszolgálat\CentralStorage.h(130,74):
  the template instantiation context (the oldest one first) is
  	C:\Projects\NHF2HardwareShop\Futárszolgálat\CentralStorage.cpp(288,2):
  	see reference to function template instantiation 'void BaseCentralStorage::SaveHardwareToFile<CPU,Array<CPU **>>(StorageClass &,const std::string,const bool)' being compiled
          with
          [
              StorageClass=Array<CPU **>
          ]
  
C:\Projects\NHF2HardwareShop\Futárszolgálat\Menu.h(98,32): warning C4267: '=': conversion from 'size_t' to 'int', possible loss of data
  (compiling source file 'DescendantMenuItems.cpp')
  C:\Projects\NHF2HardwareShop\Futárszolgálat\Menu.h(98,32):
  the template instantiation context (the oldest one first) is
  	C:\Projects\NHF2HardwareShop\Futárszolgálat\DescendantMenuItems.cpp(217,20):
  	see reference to function template instantiation 'void HardwareProcessSubMenu::AddHardware<CPU>(void)' being compiled
  	C:\Projects\NHF2HardwareShop\Futárszolgálat\Menu.h(251,3):
  	see reference to function template instantiation 'void MenuContainer::TextInput<CPU>(Tclass &,const int,std::string *,const int,const bool)' being compiled
          with
          [
              Tclass=CPU
          ]
  
C:\Projects\NHF2HardwareShop\Futárszolgálat\Menu.h(118,40): warning C4267: 'argument': conversion from 'size_t' to 'const int', possible loss of data
  (compiling source file 'DescendantMenuItems.cpp')
  
  FileHandler.cpp
  GeneralFunctions.cpp
C:\Projects\NHF2HardwareShop\Futárszolgálat\GeneralFunctions.cpp(121,28): warning C4267: '=': conversion from 'size_t' to 'int', possible loss of data
C:\Projects\NHF2HardwareShop\Futárszolgálat\GeneralFunctions.cpp(130,22): warning C4267: '=': conversion from 'size_t' to 'int', possible loss of data
C:\Projects\NHF2HardwareShop\Futárszolgálat\GeneralFunctions.cpp(139,28): warning C4267: '=': conversion from 'size_t' to 'int', possible loss of data
C:\Projects\NHF2HardwareShop\Futárszolgálat\GeneralFunctions.cpp(149,22): warning C4267: '=': conversion from 'size_t' to 'int', possible loss of data
  Hardware.cpp
  HardwareSetters.cpp
  HardwareStorage.cpp
C:\Projects\NHF2HardwareShop\Futárszolgálat\HardwareStorage.cpp(134,10): warning C4267: 'return': conversion from 'size_t' to 'int', possible loss of data
  main.cpp
C:\Projects\NHF2HardwareShop\Futárszolgálat\main.cpp(1,1): warning C4005: '_CRT_SECURE_NO_WARNINGS': macro redefinition
  C:\Projects\NHF2HardwareShop\Futárszolgálat\main.cpp(1,1):
  '_CRT_SECURE_NO_WARNINGS' previously declared on the command line
  
  memtrace.cpp
C:\Projects\NHF2HardwareShop\Futárszolgálat\memtrace.cpp(401,50): warning C4267: '+=': conversion from 'size_t' to 'int', possible loss of data
C:\Projects\NHF2HardwareShop\Futárszolgálat\memtrace.cpp(402,35): warning C4267: '+=': conversion from 'size_t' to 'int', possible loss of data
  Menu.cpp
C:\Projects\NHF2HardwareShop\Futárszolgálat\Menu.cpp(1,1): warning C4005: '_CRT_SECURE_NO_WARNINGS': macro redefinition
  C:\Projects\NHF2HardwareShop\Futárszolgálat\Menu.cpp(1,1):
  '_CRT_SECURE_NO_WARNINGS' previously declared on the command line
  
C:\Projects\NHF2HardwareShop\Futárszolgálat\Menu.cpp(160,30): warning C4267: '+=': conversion from 'size_t' to 'int', possible loss of data
C:\Projects\NHF2HardwareShop\Futárszolgálat\Menu.cpp(631,76): warning C4267: 'argument': conversion from 'size_t' to 'const int', possible loss of data
C:\Projects\NHF2HardwareShop\Futárszolgálat\Menu.cpp(697,51): warning C4267: 'argument': conversion from 'size_t' to 'const int', possible loss of data
C:\Projects\NHF2HardwareShop\Futárszolgálat\Menu.cpp(1074,51): warning C4267: 'argument': conversion from 'size_t' to 'const int', possible loss of data
C:\Projects\NHF2HardwareShop\Futárszolgálat\Menu.h(98,32): warning C4267: '=': conversion from 'size_t' to 'int', possible loss of data
  (compiling source file 'Menu.cpp')
  C:\Projects\NHF2HardwareShop\Futárszolgálat\Menu.h(98,32):
  the template instantiation context (the oldest one first) is
  	C:\Projects\NHF2HardwareShop\Futárszolgálat\Menu.cpp(472,3):
  	see reference to function template instantiation 'void MenuContainer::TextInput<AccountMenu>(Tclass &,const int,std::string *,const int,const bool)' being compiled
          with
          [
              Tclass=AccountMenu
          ]
  
C:\Projects\NHF2HardwareShop\Futárszolgálat\Menu.h(118,40): warning C4267: 'argument': conversion from 'size_t' to 'const int', possible loss of data
  (compiling source file 'Menu.cpp')
  
C:\Projects\NHF2HardwareShop\Futárszolgálat\Menu.cpp(928,106): warning C4267: 'argument': conversion from 'size_t' to 'T', possible loss of data
C:\Projects\NHF2HardwareShop\Futárszolgálat\Menu.cpp(928,106): warning C4267:         with
C:\Projects\NHF2HardwareShop\Futárszolgálat\Menu.cpp(928,106): warning C4267:         [
C:\Projects\NHF2HardwareShop\Futárszolgálat\Menu.cpp(928,106): warning C4267:             T=int
C:\Projects\NHF2HardwareShop\Futárszolgálat\Menu.cpp(928,106): warning C4267:         ]
  C:\Projects\NHF2HardwareShop\Futárszolgálat\Menu.cpp(928,106):
  the template instantiation context (the oldest one first) is
  	C:\Projects\NHF2HardwareShop\Futárszolgálat\Menu.cpp(884,39):
  	see reference to function template instantiation 'void StorageProcessSubMenu::ListHardware<CPU>(void)' being compiled
  
C:\Projects\NHF2HardwareShop\Futárszolgálat\Menu.cpp(932,114): warning C4267: 'argument': conversion from 'size_t' to 'T', possible loss of data
C:\Projects\NHF2HardwareShop\Futárszolgálat\Menu.cpp(932,114): warning C4267:         with
C:\Projects\NHF2HardwareShop\Futárszolgálat\Menu.cpp(932,114): warning C4267:         [
C:\Projects\NHF2HardwareShop\Futárszolgálat\Menu.cpp(932,114): warning C4267:             T=int
C:\Projects\NHF2HardwareShop\Futárszolgálat\Menu.cpp(932,114): warning C4267:         ]
C:\Projects\NHF2HardwareShop\Futárszolgálat\Menu.cpp(954,54): warning C4267: 'argument': conversion from 'size_t' to 'const int', possible loss of data
C:\Projects\NHF2HardwareShop\Futárszolgálat\Menu.cpp(1204,115): warning C4267: 'argument': conversion from 'size_t' to 'T', possible loss of data
C:\Projects\NHF2HardwareShop\Futárszolgálat\Menu.cpp(1204,115): warning C4267:         with
C:\Projects\NHF2HardwareShop\Futárszolgálat\Menu.cpp(1204,115): warning C4267:         [
C:\Projects\NHF2HardwareShop\Futárszolgálat\Menu.cpp(1204,115): warning C4267:             T=int
C:\Projects\NHF2HardwareShop\Futárszolgálat\Menu.cpp(1204,115): warning C4267:         ]
  C:\Projects\NHF2HardwareShop\Futárszolgálat\Menu.cpp(1204,115):
  the template instantiation context (the oldest one first) is
  	C:\Projects\NHF2HardwareShop\Futárszolgálat\Menu.cpp(1175,39):
  	see reference to function template instantiation 'void WebshopProcessSubMenu::ListWebshop<CPU>(void)' being compiled
  
C:\Projects\NHF2HardwareShop\Futárszolgálat\Menu.cpp(1239,58): warning C4267: 'argument': conversion from 'size_t' to 'const int', possible loss of data
  MenuItem.cpp
  MenuSetters.cpp
  Order.cpp
  OrdersPerUser.cpp
  Setters.cpp
  test.cpp
C:\Projects\NHF2HardwareShop\Futárszolgálat\test.cpp(1,1): warning C4005: '_CRT_SECURE_NO_WARNINGS': macro redefinition
  C:\Projects\NHF2HardwareShop\Futárszolgálat\test.cpp(1,1):
  '_CRT_SECURE_NO_WARNINGS' previously declared on the command line
  
  User.cpp
C:\Projects\NHF2HardwareShop\Futárszolgálat\User.cpp(400,34): warning C4267: '=': conversion from 'size_t' to 'int', possible loss of data
C:\Projects\NHF2HardwareShop\Futárszolgálat\CentralStorage.h(85,74): warning C4267: 'argument': conversion from 'size_t' to 'const int', possible loss of data
  (compiling source file 'User.cpp')
  C:\Projects\NHF2HardwareShop\Futárszolgálat\CentralStorage.h(85,74):
  the template instantiation context (the oldest one first) is
  	C:\Projects\NHF2HardwareShop\Futárszolgálat\User.cpp(207,17):
  	see reference to function template instantiation 'void BaseCentralStorage::SaveFile<Admin,const Array<Admin **>>(StorageClass &,const std::string)' being compiled
          with
          [
              StorageClass=const Array<Admin **>
          ]
  
  Generating Code...
  Futárszolgálat.vcxproj -> C:\Projects\NHF2HardwareShop\Futárszolgálat\x64\Debug\Futárszolgálat.exe
